\BOOKMARK [1][-]{section.1}{Introduction}{}% 1
\BOOKMARK [1][-]{section.2}{Pipeline Management}{}% 2
\BOOKMARK [2][-]{subsection.2.1}{Requirements}{section.2}% 3
\BOOKMARK [2][-]{subsection.2.2}{Limitations}{section.2}% 4
\BOOKMARK [2][-]{subsection.2.3}{Storage}{section.2}% 5
\BOOKMARK [2][-]{subsection.2.4}{Asset Pipeline}{section.2}% 6
\BOOKMARK [2][-]{subsection.2.5}{Asset Management}{section.2}% 7
\BOOKMARK [2][-]{subsection.2.6}{Miscellaneous Tools}{section.2}% 8
\BOOKMARK [2][-]{subsection.2.7}{Production Management}{section.2}% 9
\BOOKMARK [1][-]{section.3}{Character Rigging}{}% 10
\BOOKMARK [2][-]{subsection.3.1}{Requirements}{section.3}% 11
\BOOKMARK [2][-]{subsection.3.2}{Solution}{section.3}% 12
\BOOKMARK [2][-]{subsection.3.3}{Facial Rig}{section.3}% 13
\BOOKMARK [1][-]{section.4}{Rendering}{}% 14
\BOOKMARK [2][-]{subsection.4.1}{Optimisation}{section.4}% 15
\BOOKMARK [2][-]{subsection.4.2}{Render Farming}{section.4}% 16
\BOOKMARK [2][-]{subsection.4.3}{Distributed Rendering Tools}{section.4}% 17
\BOOKMARK [1][-]{section.5}{Groom}{}% 18
\BOOKMARK [2][-]{subsection.5.1}{Pipeline}{section.5}% 19
\BOOKMARK [1][-]{section.6}{Compositing}{}% 20
\BOOKMARK [2][-]{subsection.6.1}{Workflow}{section.6}% 21
\BOOKMARK [2][-]{subsection.6.2}{Results}{section.6}% 22
\BOOKMARK [1][-]{section.7}{Critical Reflection}{}% 23
